<?xml version="1.0" encoding="UTF-8"?>
<!-- Generated by org.testng.reporters.JUnitXMLReporter -->
<testsuite hostname="LAPTOP-VRS9433I" failures="0" tests="14" name="Amazon Test" time="699.138" errors="0" timestamp="15 Mar 2021 11:09:33 GMT">
  <testcase classname="com.amazontest.HomePageTest" name="CheckHomePageTitleTest" time="0.019"/>
  <testcase classname="com.amazontest.HomePageTest" name="ClicktoSignIn" time="2.398"/>
  <testcase classname="com.amazontest.SignInPageTest" name="CheckSignInPageTitle" time="0.006"/>
  <testcase classname="com.amazontest.SignInPageTest" name="Login" time="1.919"/>
  <testcase classname="com.amazontest.SearchPageTest" name="CheckSearchPageTitle" time="11.389"/>
  <testcase classname="com.amazontest.SearchPageTest" name="SearchRequiredProduct" time="16.098"/>
  <testcase classname="com.amazontest.SearchResultsPageTest" name="CheckSearchResultsPageTitle" time="0.04"/>
  <testcase classname="com.amazontest.SearchResultsPageTest" name="LaunchProduct" time="0.189"/>
  <testcase classname="com.amazontest.ProductPageTest" name="CheckProductPageTitle" time="0.024"/>
  <testcase classname="com.amazontest.ProductPageTest" name="PurchaseRequiredProduct" time="81.83"/>
  <testcase classname="com.amazontest.AddressPageTest" name="CheckAddressPageTitle" time="0.007"/>
  <testcase classname="com.amazontest.AddressPageTest" name="ChooseDeliveryAddress" time="4.896"/>
  <testcase classname="com.amazontest.PaymentPageTest" name="CheckPaymentPageTitle" time="0.003"/>
  <testcase classname="com.amazontest.PaymentPageTest" name="EnterPaymentDetails" time="0.389"/>
</testsuite> <!-- Amazon Test -->
