<?xml version="1.0" encoding="UTF-8"?>
<!-- Generated by org.testng.reporters.JUnitXMLReporter -->
<testsuite hostname="LAPTOP-VRS9433I" failures="0" tests="14" name="Amazon Test" time="1158.842" errors="0" timestamp="16 Mar 2021 07:08:07 GMT">
  <testcase classname="com.amazontest.HomePageTest" name="CheckHomePageTitleTest" time="0.03"/>
  <testcase classname="com.amazontest.HomePageTest" name="ClicktoSignIn" time="6.796"/>
  <testcase classname="com.amazontest.SignInPageTest" name="CheckSignInPageTitle" time="0.014"/>
  <testcase classname="com.amazontest.SignInPageTest" name="Login" time="3.058"/>
  <testcase classname="com.amazontest.SearchPageTest" name="CheckSearchPageTitle" time="20.55"/>
  <testcase classname="com.amazontest.SearchPageTest" name="SearchRequiredProduct" time="31.762"/>
  <testcase classname="com.amazontest.SearchResultsPageTest" name="CheckSearchResultsPageTitle" time="0.051"/>
  <testcase classname="com.amazontest.SearchResultsPageTest" name="LaunchProduct" time="0.188"/>
  <testcase classname="com.amazontest.ProductPageTest" name="CheckProductPageTitle" time="0.009"/>
  <testcase classname="com.amazontest.ProductPageTest" name="PurchaseRequiredProduct" time="92.193"/>
  <testcase classname="com.amazontest.AddressPageTest" name="CheckAddressPageTitle" time="0.009"/>
  <testcase classname="com.amazontest.AddressPageTest" name="ChooseDeliveryAddress" time="7.428"/>
  <testcase classname="com.amazontest.PaymentPageTest" name="CheckPaymentPageTitle" time="0.007"/>
  <testcase classname="com.amazontest.PaymentPageTest" name="EnterPaymentDetails" time="0.47"/>
</testsuite> <!-- Amazon Test -->
