<?xml version="1.0" encoding="UTF-8"?>
<!-- Generated by org.testng.reporters.JUnitXMLReporter -->
<testsuite hostname="LAPTOP-VRS9433I" ignored="0" name="Amazon Test" tests="14" failures="0" timestamp="09 Mar 2021 13:04:45 GMT" time="966.298" errors="0">
  <testcase name="CheckHomePageTitleTest" time="0.032" classname="com.amazontest.HomePageTest"/>
  <testcase name="ClicktoSignIn" time="4.257" classname="com.amazontest.HomePageTest"/>
  <testcase name="CheckSignInPageTitle" time="0.011" classname="com.amazontest.SignInPageTest"/>
  <testcase name="Login" time="2.884" classname="com.amazontest.SignInPageTest"/>
  <testcase name="CheckSearchPageTitle" time="8.593" classname="com.amazontest.SearchPageTest"/>
  <testcase name="SearchRequiredProduct" time="12.595" classname="com.amazontest.SearchPageTest"/>
  <testcase name="CheckSearchResultsPageTitle" time="0.029" classname="com.amazontest.SearchResultsPageTest"/>
  <testcase name="LaunchProduct" time="0.329" classname="com.amazontest.SearchResultsPageTest"/>
  <testcase name="CheckProductPageTitle" time="0.011" classname="com.amazontest.ProductPageTest"/>
  <testcase name="PurchaseRequiredProduct" time="97.701" classname="com.amazontest.ProductPageTest"/>
  <testcase name="CheckAddressPageTitle" time="0.009" classname="com.amazontest.AddressPageTest"/>
  <testcase name="ChooseDeliveryAddress" time="5.039" classname="com.amazontest.AddressPageTest"/>
  <testcase name="CheckPaymentPageTitle" time="0.01" classname="com.amazontest.PaymentPageTest"/>
  <testcase name="EnterPaymentDetails" time="0.761" classname="com.amazontest.PaymentPageTest"/>
</testsuite> <!-- Amazon Test -->
