<?xml version="1.0" encoding="UTF-8"?>
<testsuite xmlns:xsi="http://www.w3.org/2001/XMLSchema-instance" xsi:noNamespaceSchemaLocation="https://maven.apache.org/surefire/maven-surefire-plugin/xsd/surefire-test-report-3.0.xsd" version="3.0" name="TestSuite" time="1,159.722" tests="14" errors="0" skipped="0" failures="0">
  <properties>
[...]
</properties>
  <testcase name="CheckHomePageTitleTest" classname="com.amazontest.HomePageTest" time="0.012">
    <system-out><![CDATA[Directory already exists: C:\Users\SINDHU\eclipse-workspace\FirstMavenAmazonTest\TestReport
Directory already exists: C:\Users\SINDHU\eclipse-workspace\FirstMavenAmazonTest\TestReport\Screenshots
C:\Users\SINDHU\eclipse-workspace\FirstMavenAmazonTest\TestReport\Extent-Report.html
...
... TestNG 6.8beta 20120825_1010 by C�dric Beust (cedric@beust.com)
...

*** Test Suite Amazon Test started ***
C:\Users\SINDHU\eclipse-workspace\FirstMavenAmazonTest\TestReport\Screenshots\CheckAddressPageTitle.png
C:\Users\SINDHU\eclipse-workspace\FirstMavenAmazonTest\TestReport\Screenshots\CheckHomePageTitleTest.png
C:\Users\SINDHU\eclipse-workspace\FirstMavenAmazonTest\TestReport\Screenshots\CheckPaymentPageTitle.png
C:\Users\SINDHU\eclipse-workspace\FirstMavenAmazonTest\TestReport\Screenshots\CheckProductPageTitle.png
C:\Users\SINDHU\eclipse-workspace\FirstMavenAmazonTest\TestReport\Screenshots\CheckSearchPageTitle.png
C:\Users\SINDHU\eclipse-workspace\FirstMavenAmazonTest\TestReport\Screenshots\CheckSearchResultsPageTitle.png
C:\Users\SINDHU\eclipse-workspace\FirstMavenAmazonTest\TestReport\Screenshots\CheckSignInPageTitle.png
C:\Users\SINDHU\eclipse-workspace\FirstMavenAmazonTest\TestReport\Screenshots\ChooseDeliveryAddress.png
C:\Users\SINDHU\eclipse-workspace\FirstMavenAmazonTest\TestReport\Screenshots\ClicktoSignIn.png
C:\Users\SINDHU\eclipse-workspace\FirstMavenAmazonTest\TestReport\Screenshots\EnterPaymentDetails.png
C:\Users\SINDHU\eclipse-workspace\FirstMavenAmazonTest\TestReport\Screenshots\LaunchProduct.png
C:\Users\SINDHU\eclipse-workspace\FirstMavenAmazonTest\TestReport\Screenshots\Login.png
C:\Users\SINDHU\eclipse-workspace\FirstMavenAmazonTest\TestReport\Screenshots\PurchaseRequiredProduct.png
C:\Users\SINDHU\eclipse-workspace\FirstMavenAmazonTest\TestReport\Screenshots\SearchRequiredProduct.png
Before navigating to: 'https://www.amazon.in/'
Navigated to:'https://www.amazon.in/'
*** Running test method CheckHomePageTitleTest...
]]></system-out>
    <system-err><![CDATA[Starting ChromeDriver 88.0.4324.96 (68dba2d8a0b149a1d3afac56fa74648032bcf46b-refs/branch-heads/4324@{#1784}) on port 4318
Only local connections are allowed.
Please see https://chromedriver.chromium.org/security-considerations for suggestions on keeping ChromeDriver safe.
ChromeDriver was started successfully.
[1615877329.907][WARNING]: This version of ChromeDriver has not been tested with Chrome version 89.
Mar 16, 2021 12:18:49 PM org.openqa.selenium.remote.ProtocolHandshake createSession
INFO: Detected dialect: W3C
]]></system-err>
  </testcase>
  <testcase name="ClicktoSignIn" classname="com.amazontest.HomePageTest" time="6.782">
    <system-out><![CDATA[*** Executed CheckHomePageTitleTest test successfully...
Before navigating to: 'https://www.amazon.in/'
Navigated to:'https://www.amazon.in/'
*** Running test method ClicktoSignIn...
Trying to find Element By : By.xpath: //span[@id='nav-link-accountList-nav-line-1']
Found Element By : By.xpath: //span[@id='nav-link-accountList-nav-line-1']
Trying to click on: [[ChromeDriver: chrome on WINDOWS (c5381aaccac7f9019ec298f047ca33c2)] -> xpath: //span[@id='nav-link-accountList-nav-line-1']]
Clicked on: [[ChromeDriver: chrome on WINDOWS (c5381aaccac7f9019ec298f047ca33c2)] -> xpath: //span[@id='nav-link-accountList-nav-line-1']]
]]></system-out>
    <system-err><![CDATA[Starting ChromeDriver 88.0.4324.96 (68dba2d8a0b149a1d3afac56fa74648032bcf46b-refs/branch-heads/4324@{#1784}) on port 48144
Only local connections are allowed.
Please see https://chromedriver.chromium.org/security-considerations for suggestions on keeping ChromeDriver safe.
ChromeDriver was started successfully.
[1615877348.648][WARNING]: This version of ChromeDriver has not been tested with Chrome version 89.
Mar 16, 2021 12:19:08 PM org.openqa.selenium.remote.ProtocolHandshake createSession
INFO: Detected dialect: W3C
]]></system-err>
  </testcase>
  <testcase name="CheckSignInPageTitle" classname="com.amazontest.SignInPageTest" time="0.006">
    <system-out><![CDATA[*** Executed ClicktoSignIn test successfully...
Before navigating to: 'https://www.amazon.in/'
Navigated to:'https://www.amazon.in/'
Trying to find Element By : By.xpath: //span[@id='nav-link-accountList-nav-line-1']
Found Element By : By.xpath: //span[@id='nav-link-accountList-nav-line-1']
Trying to click on: [[ChromeDriver: chrome on WINDOWS (1f9b505982a72fbd0d51e8a91b60caac)] -> xpath: //span[@id='nav-link-accountList-nav-line-1']]
Clicked on: [[ChromeDriver: chrome on WINDOWS (1f9b505982a72fbd0d51e8a91b60caac)] -> xpath: //span[@id='nav-link-accountList-nav-line-1']]
*** Running test method CheckSignInPageTitle...
]]></system-out>
    <system-err><![CDATA[Starting ChromeDriver 88.0.4324.96 (68dba2d8a0b149a1d3afac56fa74648032bcf46b-refs/branch-heads/4324@{#1784}) on port 11959
Only local connections are allowed.
Please see https://chromedriver.chromium.org/security-considerations for suggestions on keeping ChromeDriver safe.
ChromeDriver was started successfully.
[1615877375.949][WARNING]: This version of ChromeDriver has not been tested with Chrome version 89.
Mar 16, 2021 12:19:35 PM org.openqa.selenium.remote.ProtocolHandshake createSession
INFO: Detected dialect: W3C
]]></system-err>
  </testcase>
  <testcase name="Login" classname="com.amazontest.SignInPageTest" time="3.055">
    <system-out><![CDATA[*** Executed CheckSignInPageTitle test successfully...
Before navigating to: 'https://www.amazon.in/'
Navigated to:'https://www.amazon.in/'
Trying to find Element By : By.xpath: //span[@id='nav-link-accountList-nav-line-1']
Found Element By : By.xpath: //span[@id='nav-link-accountList-nav-line-1']
Trying to click on: [[ChromeDriver: chrome on WINDOWS (eeb092c3ef9a32d963114c316f293fa3)] -> xpath: //span[@id='nav-link-accountList-nav-line-1']]
Clicked on: [[ChromeDriver: chrome on WINDOWS (eeb092c3ef9a32d963114c316f293fa3)] -> xpath: //span[@id='nav-link-accountList-nav-line-1']]
*** Running test method Login...
Trying to find Element By : By.id: ap_email
Found Element By : By.id: ap_email
Trying to find Element By : By.id: continue
Found Element By : By.id: continue
Trying to click on: [[ChromeDriver: chrome on WINDOWS (eeb092c3ef9a32d963114c316f293fa3)] -> id: continue]
Clicked on: [[ChromeDriver: chrome on WINDOWS (eeb092c3ef9a32d963114c316f293fa3)] -> id: continue]
Trying to find Element By : By.id: ap_password
Found Element By : By.id: ap_password
Trying to find Element By : By.id: signInSubmit
Found Element By : By.id: signInSubmit
Trying to click on: [[ChromeDriver: chrome on WINDOWS (eeb092c3ef9a32d963114c316f293fa3)] -> id: signInSubmit]
Clicked on: [[ChromeDriver: chrome on WINDOWS (eeb092c3ef9a32d963114c316f293fa3)] -> id: signInSubmit]
]]></system-out>
    <system-err><![CDATA[Starting ChromeDriver 88.0.4324.96 (68dba2d8a0b149a1d3afac56fa74648032bcf46b-refs/branch-heads/4324@{#1784}) on port 47363
Only local connections are allowed.
Please see https://chromedriver.chromium.org/security-considerations for suggestions on keeping ChromeDriver safe.
ChromeDriver was started successfully.
[1615877404.012][WARNING]: This version of ChromeDriver has not been tested with Chrome version 89.
Mar 16, 2021 12:20:04 PM org.openqa.selenium.remote.ProtocolHandshake createSession
INFO: Detected dialect: W3C
]]></system-err>
  </testcase>
  <testcase name="CheckSearchPageTitle" classname="com.amazontest.SearchPageTest" time="20.546">
    <system-out><![CDATA[*** Executed Login test successfully...
Before navigating to: 'https://www.amazon.in/'
Navigated to:'https://www.amazon.in/'
Trying to find Element By : By.xpath: //span[@id='nav-link-accountList-nav-line-1']
Found Element By : By.xpath: //span[@id='nav-link-accountList-nav-line-1']
Trying to click on: [[ChromeDriver: chrome on WINDOWS (b7505ecc1dd9f206365c80c6cb962f98)] -> xpath: //span[@id='nav-link-accountList-nav-line-1']]
Clicked on: [[ChromeDriver: chrome on WINDOWS (b7505ecc1dd9f206365c80c6cb962f98)] -> xpath: //span[@id='nav-link-accountList-nav-line-1']]
Trying to find Element By : By.id: ap_email
Found Element By : By.id: ap_email
Trying to find Element By : By.id: continue
Found Element By : By.id: continue
Trying to click on: [[ChromeDriver: chrome on WINDOWS (b7505ecc1dd9f206365c80c6cb962f98)] -> id: continue]
Clicked on: [[ChromeDriver: chrome on WINDOWS (b7505ecc1dd9f206365c80c6cb962f98)] -> id: continue]
Trying to find Element By : By.id: ap_password
Found Element By : By.id: ap_password
Trying to find Element By : By.id: signInSubmit
Found Element By : By.id: signInSubmit
Trying to click on: [[ChromeDriver: chrome on WINDOWS (b7505ecc1dd9f206365c80c6cb962f98)] -> id: signInSubmit]
Clicked on: [[ChromeDriver: chrome on WINDOWS (b7505ecc1dd9f206365c80c6cb962f98)] -> id: signInSubmit]
*** Running test method CheckSearchPageTitle...
Actual Search Page Title: Online Shopping site in India: Shop Online for Mobiles, Books, Watches, Shoes and More - Amazon.in
]]></system-out>
    <system-err><![CDATA[Starting ChromeDriver 88.0.4324.96 (68dba2d8a0b149a1d3afac56fa74648032bcf46b-refs/branch-heads/4324@{#1784}) on port 5166
Only local connections are allowed.
Please see https://chromedriver.chromium.org/security-considerations for suggestions on keeping ChromeDriver safe.
ChromeDriver was started successfully.
[1615877435.554][WARNING]: This version of ChromeDriver has not been tested with Chrome version 89.
Mar 16, 2021 12:20:35 PM org.openqa.selenium.remote.ProtocolHandshake createSession
INFO: Detected dialect: W3C
]]></system-err>
  </testcase>
  <testcase name="SearchRequiredProduct" classname="com.amazontest.SearchPageTest" time="31.76">
    <system-out><![CDATA[*** Executed CheckSearchPageTitle test successfully...
Before navigating to: 'https://www.amazon.in/'
Navigated to:'https://www.amazon.in/'
Trying to find Element By : By.xpath: //span[@id='nav-link-accountList-nav-line-1']
Found Element By : By.xpath: //span[@id='nav-link-accountList-nav-line-1']
Trying to click on: [[ChromeDriver: chrome on WINDOWS (1a7c97710d320186efcb6aac53f553c6)] -> xpath: //span[@id='nav-link-accountList-nav-line-1']]
Clicked on: [[ChromeDriver: chrome on WINDOWS (1a7c97710d320186efcb6aac53f553c6)] -> xpath: //span[@id='nav-link-accountList-nav-line-1']]
Trying to find Element By : By.id: ap_email
Found Element By : By.id: ap_email
Trying to find Element By : By.id: continue
Found Element By : By.id: continue
Trying to click on: [[ChromeDriver: chrome on WINDOWS (1a7c97710d320186efcb6aac53f553c6)] -> id: continue]
Clicked on: [[ChromeDriver: chrome on WINDOWS (1a7c97710d320186efcb6aac53f553c6)] -> id: continue]
Trying to find Element By : By.id: ap_password
Found Element By : By.id: ap_password
Trying to find Element By : By.id: signInSubmit
Found Element By : By.id: signInSubmit
Trying to click on: [[ChromeDriver: chrome on WINDOWS (1a7c97710d320186efcb6aac53f553c6)] -> id: signInSubmit]
Clicked on: [[ChromeDriver: chrome on WINDOWS (1a7c97710d320186efcb6aac53f553c6)] -> id: signInSubmit]
*** Running test method SearchRequiredProduct...
Trying to find Element By : By.id: twotabsearchtextbox
Found Element By : By.id: twotabsearchtextbox
Trying to find Element By : By.id: nav-search-submit-button
Found Element By : By.id: nav-search-submit-button
Trying to click on: [[ChromeDriver: chrome on WINDOWS (1a7c97710d320186efcb6aac53f553c6)] -> id: nav-search-submit-button]
Clicked on: [[ChromeDriver: chrome on WINDOWS (1a7c97710d320186efcb6aac53f553c6)] -> id: nav-search-submit-button]
]]></system-out>
    <system-err><![CDATA[Starting ChromeDriver 88.0.4324.96 (68dba2d8a0b149a1d3afac56fa74648032bcf46b-refs/branch-heads/4324@{#1784}) on port 15745
Only local connections are allowed.
Please see https://chromedriver.chromium.org/security-considerations for suggestions on keeping ChromeDriver safe.
ChromeDriver was started successfully.
[1615877491.344][WARNING]: This version of ChromeDriver has not been tested with Chrome version 89.
Mar 16, 2021 12:21:31 PM org.openqa.selenium.remote.ProtocolHandshake createSession
INFO: Detected dialect: W3C
]]></system-err>
  </testcase>
  <testcase name="CheckSearchResultsPageTitle" classname="com.amazontest.SearchResultsPageTest" time="0.048">
    <system-out><![CDATA[*** Executed SearchRequiredProduct test successfully...
Before navigating to: 'https://www.amazon.in/'
Navigated to:'https://www.amazon.in/'
Trying to find Element By : By.xpath: //span[@id='nav-link-accountList-nav-line-1']
Found Element By : By.xpath: //span[@id='nav-link-accountList-nav-line-1']
Trying to click on: [[ChromeDriver: chrome on WINDOWS (95abd63bb19840d9d80cb54981285f72)] -> xpath: //span[@id='nav-link-accountList-nav-line-1']]
Clicked on: [[ChromeDriver: chrome on WINDOWS (95abd63bb19840d9d80cb54981285f72)] -> xpath: //span[@id='nav-link-accountList-nav-line-1']]
Trying to find Element By : By.id: ap_email
Found Element By : By.id: ap_email
Trying to find Element By : By.id: continue
Found Element By : By.id: continue
Trying to click on: [[ChromeDriver: chrome on WINDOWS (95abd63bb19840d9d80cb54981285f72)] -> id: continue]
Clicked on: [[ChromeDriver: chrome on WINDOWS (95abd63bb19840d9d80cb54981285f72)] -> id: continue]
Trying to find Element By : By.id: ap_password
Found Element By : By.id: ap_password
Trying to find Element By : By.id: signInSubmit
Found Element By : By.id: signInSubmit
Trying to click on: [[ChromeDriver: chrome on WINDOWS (95abd63bb19840d9d80cb54981285f72)] -> id: signInSubmit]
Clicked on: [[ChromeDriver: chrome on WINDOWS (95abd63bb19840d9d80cb54981285f72)] -> id: signInSubmit]
Trying to find Element By : By.id: twotabsearchtextbox
Found Element By : By.id: twotabsearchtextbox
Trying to find Element By : By.id: nav-search-submit-button
Found Element By : By.id: nav-search-submit-button
Trying to click on: [[ChromeDriver: chrome on WINDOWS (95abd63bb19840d9d80cb54981285f72)] -> id: nav-search-submit-button]
Clicked on: [[ChromeDriver: chrome on WINDOWS (95abd63bb19840d9d80cb54981285f72)] -> id: nav-search-submit-button]
*** Running test method CheckSearchResultsPageTitle...
Actual Search Results Page Title: Amazon.in : Samsung Galaxy M31 (Ocean Blue, 6GB RAM, 128GB Storage)
]]></system-out>
    <system-err><![CDATA[Starting ChromeDriver 88.0.4324.96 (68dba2d8a0b149a1d3afac56fa74648032bcf46b-refs/branch-heads/4324@{#1784}) on port 36982
Only local connections are allowed.
Please see https://chromedriver.chromium.org/security-considerations for suggestions on keeping ChromeDriver safe.
ChromeDriver was started successfully.
[1615877553.420][WARNING]: This version of ChromeDriver has not been tested with Chrome version 89.
Mar 16, 2021 12:22:33 PM org.openqa.selenium.remote.ProtocolHandshake createSession
INFO: Detected dialect: W3C
]]></system-err>
  </testcase>
  <testcase name="LaunchProduct" classname="com.amazontest.SearchResultsPageTest" time="0.183">
    <system-out><![CDATA[*** Executed CheckSearchResultsPageTitle test successfully...
Before navigating to: 'https://www.amazon.in/'
Navigated to:'https://www.amazon.in/'
Trying to find Element By : By.xpath: //span[@id='nav-link-accountList-nav-line-1']
Found Element By : By.xpath: //span[@id='nav-link-accountList-nav-line-1']
Trying to click on: [[ChromeDriver: chrome on WINDOWS (858d53b35caf546d93676bf11a09581f)] -> xpath: //span[@id='nav-link-accountList-nav-line-1']]
Clicked on: [[ChromeDriver: chrome on WINDOWS (858d53b35caf546d93676bf11a09581f)] -> xpath: //span[@id='nav-link-accountList-nav-line-1']]
Trying to find Element By : By.id: ap_email
Found Element By : By.id: ap_email
Trying to find Element By : By.id: continue
Found Element By : By.id: continue
Trying to click on: [[ChromeDriver: chrome on WINDOWS (858d53b35caf546d93676bf11a09581f)] -> id: continue]
Clicked on: [[ChromeDriver: chrome on WINDOWS (858d53b35caf546d93676bf11a09581f)] -> id: continue]
Trying to find Element By : By.id: ap_password
Found Element By : By.id: ap_password
Trying to find Element By : By.id: signInSubmit
Found Element By : By.id: signInSubmit
Trying to click on: [[ChromeDriver: chrome on WINDOWS (858d53b35caf546d93676bf11a09581f)] -> id: signInSubmit]
Clicked on: [[ChromeDriver: chrome on WINDOWS (858d53b35caf546d93676bf11a09581f)] -> id: signInSubmit]
Trying to find Element By : By.id: twotabsearchtextbox
Found Element By : By.id: twotabsearchtextbox
Trying to find Element By : By.id: nav-search-submit-button
Found Element By : By.id: nav-search-submit-button
Trying to click on: [[ChromeDriver: chrome on WINDOWS (858d53b35caf546d93676bf11a09581f)] -> id: nav-search-submit-button]
Clicked on: [[ChromeDriver: chrome on WINDOWS (858d53b35caf546d93676bf11a09581f)] -> id: nav-search-submit-button]
*** Running test method LaunchProduct...
Trying to find Element By : By.xpath: //span[@class='a-size-medium a-color-base a-text-normal' and contains(text(),'Samsung Galaxy M31 (Ocean Blue, 6GB RAM, 128GB Storage)')]
Found Element By : By.xpath: //span[@class='a-size-medium a-color-base a-text-normal' and contains(text(),'Samsung Galaxy M31 (Ocean Blue, 6GB RAM, 128GB Storage)')]
Trying to click on: [[ChromeDriver: chrome on WINDOWS (858d53b35caf546d93676bf11a09581f)] -> xpath: //span[@class='a-size-medium a-color-base a-text-normal' and contains(text(),'Samsung Galaxy M31 (Ocean Blue, 6GB RAM, 128GB Storage)')]]
Clicked on: [[ChromeDriver: chrome on WINDOWS (858d53b35caf546d93676bf11a09581f)] -> xpath: //span[@class='a-size-medium a-color-base a-text-normal' and contains(text(),'Samsung Galaxy M31 (Ocean Blue, 6GB RAM, 128GB Storage)')]]
]]></system-out>
    <system-err><![CDATA[Starting ChromeDriver 88.0.4324.96 (68dba2d8a0b149a1d3afac56fa74648032bcf46b-refs/branch-heads/4324@{#1784}) on port 4621
Only local connections are allowed.
Please see https://chromedriver.chromium.org/security-considerations for suggestions on keeping ChromeDriver safe.
ChromeDriver was started successfully.
[1615877601.298][WARNING]: This version of ChromeDriver has not been tested with Chrome version 89.
Mar 16, 2021 12:23:21 PM org.openqa.selenium.remote.ProtocolHandshake createSession
INFO: Detected dialect: W3C
]]></system-err>
  </testcase>
  <testcase name="CheckProductPageTitle" classname="com.amazontest.ProductPageTest" time="0.004">
    <system-out><![CDATA[*** Executed LaunchProduct test successfully...
Before navigating to: 'https://www.amazon.in/'
Navigated to:'https://www.amazon.in/'
Trying to find Element By : By.xpath: //span[@id='nav-link-accountList-nav-line-1']
Found Element By : By.xpath: //span[@id='nav-link-accountList-nav-line-1']
Trying to click on: [[ChromeDriver: chrome on WINDOWS (8d00d6f5479e800a7bea35f65f27006c)] -> xpath: //span[@id='nav-link-accountList-nav-line-1']]
Clicked on: [[ChromeDriver: chrome on WINDOWS (8d00d6f5479e800a7bea35f65f27006c)] -> xpath: //span[@id='nav-link-accountList-nav-line-1']]
Trying to find Element By : By.id: ap_email
Found Element By : By.id: ap_email
Trying to find Element By : By.id: continue
Found Element By : By.id: continue
Trying to click on: [[ChromeDriver: chrome on WINDOWS (8d00d6f5479e800a7bea35f65f27006c)] -> id: continue]
Clicked on: [[ChromeDriver: chrome on WINDOWS (8d00d6f5479e800a7bea35f65f27006c)] -> id: continue]
Trying to find Element By : By.id: ap_password
Found Element By : By.id: ap_password
Trying to find Element By : By.id: signInSubmit
Found Element By : By.id: signInSubmit
Trying to click on: [[ChromeDriver: chrome on WINDOWS (8d00d6f5479e800a7bea35f65f27006c)] -> id: signInSubmit]
Clicked on: [[ChromeDriver: chrome on WINDOWS (8d00d6f5479e800a7bea35f65f27006c)] -> id: signInSubmit]
Trying to find Element By : By.id: twotabsearchtextbox
Found Element By : By.id: twotabsearchtextbox
Trying to find Element By : By.id: nav-search-submit-button
Found Element By : By.id: nav-search-submit-button
Trying to click on: [[ChromeDriver: chrome on WINDOWS (8d00d6f5479e800a7bea35f65f27006c)] -> id: nav-search-submit-button]
Clicked on: [[ChromeDriver: chrome on WINDOWS (8d00d6f5479e800a7bea35f65f27006c)] -> id: nav-search-submit-button]
Trying to find Element By : By.xpath: //span[@class='a-size-medium a-color-base a-text-normal' and contains(text(),'Samsung Galaxy M31 (Ocean Blue, 6GB RAM, 128GB Storage)')]
Found Element By : By.xpath: //span[@class='a-size-medium a-color-base a-text-normal' and contains(text(),'Samsung Galaxy M31 (Ocean Blue, 6GB RAM, 128GB Storage)')]
Trying to click on: [[ChromeDriver: chrome on WINDOWS (8d00d6f5479e800a7bea35f65f27006c)] -> xpath: //span[@class='a-size-medium a-color-base a-text-normal' and contains(text(),'Samsung Galaxy M31 (Ocean Blue, 6GB RAM, 128GB Storage)')]]
Clicked on: [[ChromeDriver: chrome on WINDOWS (8d00d6f5479e800a7bea35f65f27006c)] -> xpath: //span[@class='a-size-medium a-color-base a-text-normal' and contains(text(),'Samsung Galaxy M31 (Ocean Blue, 6GB RAM, 128GB Storage)')]]
*** Running test method CheckProductPageTitle...
Actual Product Page Title: Amazon.in : Samsung Galaxy M31 (Ocean Blue, 6GB RAM, 128GB Storage)
]]></system-out>
    <system-err><![CDATA[Starting ChromeDriver 88.0.4324.96 (68dba2d8a0b149a1d3afac56fa74648032bcf46b-refs/branch-heads/4324@{#1784}) on port 45843
Only local connections are allowed.
Please see https://chromedriver.chromium.org/security-considerations for suggestions on keeping ChromeDriver safe.
ChromeDriver was started successfully.
[1615877658.453][WARNING]: This version of ChromeDriver has not been tested with Chrome version 89.
Mar 16, 2021 12:24:18 PM org.openqa.selenium.remote.ProtocolHandshake createSession
INFO: Detected dialect: W3C
]]></system-err>
  </testcase>
  <testcase name="PurchaseRequiredProduct" classname="com.amazontest.ProductPageTest" time="92.188">
    <system-out><![CDATA[*** Executed CheckProductPageTitle test successfully...
Before navigating to: 'https://www.amazon.in/'
Navigated to:'https://www.amazon.in/'
Trying to find Element By : By.xpath: //span[@id='nav-link-accountList-nav-line-1']
Found Element By : By.xpath: //span[@id='nav-link-accountList-nav-line-1']
Trying to click on: [[ChromeDriver: chrome on WINDOWS (8267a4111fdbcdf7ecfd8176ae64d1e3)] -> xpath: //span[@id='nav-link-accountList-nav-line-1']]
Clicked on: [[ChromeDriver: chrome on WINDOWS (8267a4111fdbcdf7ecfd8176ae64d1e3)] -> xpath: //span[@id='nav-link-accountList-nav-line-1']]
Trying to find Element By : By.id: ap_email
Found Element By : By.id: ap_email
Trying to find Element By : By.id: continue
Found Element By : By.id: continue
Trying to click on: [[ChromeDriver: chrome on WINDOWS (8267a4111fdbcdf7ecfd8176ae64d1e3)] -> id: continue]
Clicked on: [[ChromeDriver: chrome on WINDOWS (8267a4111fdbcdf7ecfd8176ae64d1e3)] -> id: continue]
Trying to find Element By : By.id: ap_password
Found Element By : By.id: ap_password
Trying to find Element By : By.id: signInSubmit
Found Element By : By.id: signInSubmit
Trying to click on: [[ChromeDriver: chrome on WINDOWS (8267a4111fdbcdf7ecfd8176ae64d1e3)] -> id: signInSubmit]
Clicked on: [[ChromeDriver: chrome on WINDOWS (8267a4111fdbcdf7ecfd8176ae64d1e3)] -> id: signInSubmit]
Trying to find Element By : By.id: twotabsearchtextbox
Found Element By : By.id: twotabsearchtextbox
Trying to find Element By : By.id: nav-search-submit-button
Found Element By : By.id: nav-search-submit-button
Trying to click on: [[ChromeDriver: chrome on WINDOWS (8267a4111fdbcdf7ecfd8176ae64d1e3)] -> id: nav-search-submit-button]
Clicked on: [[ChromeDriver: chrome on WINDOWS (8267a4111fdbcdf7ecfd8176ae64d1e3)] -> id: nav-search-submit-button]
Trying to find Element By : By.xpath: //span[@class='a-size-medium a-color-base a-text-normal' and contains(text(),'Samsung Galaxy M31 (Ocean Blue, 6GB RAM, 128GB Storage)')]
Found Element By : By.xpath: //span[@class='a-size-medium a-color-base a-text-normal' and contains(text(),'Samsung Galaxy M31 (Ocean Blue, 6GB RAM, 128GB Storage)')]
Trying to click on: [[ChromeDriver: chrome on WINDOWS (8267a4111fdbcdf7ecfd8176ae64d1e3)] -> xpath: //span[@class='a-size-medium a-color-base a-text-normal' and contains(text(),'Samsung Galaxy M31 (Ocean Blue, 6GB RAM, 128GB Storage)')]]
Clicked on: [[ChromeDriver: chrome on WINDOWS (8267a4111fdbcdf7ecfd8176ae64d1e3)] -> xpath: //span[@class='a-size-medium a-color-base a-text-normal' and contains(text(),'Samsung Galaxy M31 (Ocean Blue, 6GB RAM, 128GB Storage)')]]
*** Running test method PurchaseRequiredProduct...
parent window name: CDwindow-9EB5639FFFCF8701EBDEDB9A23DD1B17
Searched Product is sucessfully launched in new tab
Samsung Galaxy M31 (Ocean Blue, 6GB RAM, 128GB Storage): Amazon.in: Electronics
Trying to find Element By : By.xpath: //input[@id='buy-now-button']
Found Element By : By.xpath: //input[@id='buy-now-button']
Trying to click on: [[ChromeDriver: chrome on WINDOWS (8267a4111fdbcdf7ecfd8176ae64d1e3)] -> xpath: //input[@id='buy-now-button']]
Clicked on: [[ChromeDriver: chrome on WINDOWS (8267a4111fdbcdf7ecfd8176ae64d1e3)] -> xpath: //input[@id='buy-now-button']]
]]></system-out>
    <system-err><![CDATA[Starting ChromeDriver 88.0.4324.96 (68dba2d8a0b149a1d3afac56fa74648032bcf46b-refs/branch-heads/4324@{#1784}) on port 31187
Only local connections are allowed.
Please see https://chromedriver.chromium.org/security-considerations for suggestions on keeping ChromeDriver safe.
ChromeDriver was started successfully.
[1615877706.984][WARNING]: This version of ChromeDriver has not been tested with Chrome version 89.
Mar 16, 2021 12:25:07 PM org.openqa.selenium.remote.ProtocolHandshake createSession
INFO: Detected dialect: W3C
]]></system-err>
  </testcase>
  <testcase name="CheckAddressPageTitle" classname="com.amazontest.AddressPageTest" time="0.006">
    <system-out><![CDATA[*** Executed PurchaseRequiredProduct test successfully...
Before navigating to: 'https://www.amazon.in/'
Navigated to:'https://www.amazon.in/'
Trying to find Element By : By.xpath: //span[@id='nav-link-accountList-nav-line-1']
Found Element By : By.xpath: //span[@id='nav-link-accountList-nav-line-1']
Trying to click on: [[ChromeDriver: chrome on WINDOWS (671016eca2469d5a72737ef9bdc40e9d)] -> xpath: //span[@id='nav-link-accountList-nav-line-1']]
Clicked on: [[ChromeDriver: chrome on WINDOWS (671016eca2469d5a72737ef9bdc40e9d)] -> xpath: //span[@id='nav-link-accountList-nav-line-1']]
Trying to find Element By : By.id: ap_email
Found Element By : By.id: ap_email
Trying to find Element By : By.id: continue
Found Element By : By.id: continue
Trying to click on: [[ChromeDriver: chrome on WINDOWS (671016eca2469d5a72737ef9bdc40e9d)] -> id: continue]
Clicked on: [[ChromeDriver: chrome on WINDOWS (671016eca2469d5a72737ef9bdc40e9d)] -> id: continue]
Trying to find Element By : By.id: ap_password
Found Element By : By.id: ap_password
Trying to find Element By : By.id: signInSubmit
Found Element By : By.id: signInSubmit
Trying to click on: [[ChromeDriver: chrome on WINDOWS (671016eca2469d5a72737ef9bdc40e9d)] -> id: signInSubmit]
Clicked on: [[ChromeDriver: chrome on WINDOWS (671016eca2469d5a72737ef9bdc40e9d)] -> id: signInSubmit]
Trying to find Element By : By.id: twotabsearchtextbox
Found Element By : By.id: twotabsearchtextbox
Trying to find Element By : By.id: nav-search-submit-button
Found Element By : By.id: nav-search-submit-button
Trying to click on: [[ChromeDriver: chrome on WINDOWS (671016eca2469d5a72737ef9bdc40e9d)] -> id: nav-search-submit-button]
Clicked on: [[ChromeDriver: chrome on WINDOWS (671016eca2469d5a72737ef9bdc40e9d)] -> id: nav-search-submit-button]
Trying to find Element By : By.xpath: //span[@class='a-size-medium a-color-base a-text-normal' and contains(text(),'Samsung Galaxy M31 (Ocean Blue, 6GB RAM, 128GB Storage)')]
Found Element By : By.xpath: //span[@class='a-size-medium a-color-base a-text-normal' and contains(text(),'Samsung Galaxy M31 (Ocean Blue, 6GB RAM, 128GB Storage)')]
Trying to click on: [[ChromeDriver: chrome on WINDOWS (671016eca2469d5a72737ef9bdc40e9d)] -> xpath: //span[@class='a-size-medium a-color-base a-text-normal' and contains(text(),'Samsung Galaxy M31 (Ocean Blue, 6GB RAM, 128GB Storage)')]]
Clicked on: [[ChromeDriver: chrome on WINDOWS (671016eca2469d5a72737ef9bdc40e9d)] -> xpath: //span[@class='a-size-medium a-color-base a-text-normal' and contains(text(),'Samsung Galaxy M31 (Ocean Blue, 6GB RAM, 128GB Storage)')]]
parent window name: CDwindow-ED1D74CE71DB79B841A77736ADE10246
Searched Product is sucessfully launched in new tab
Samsung Galaxy M31 (Ocean Blue, 6GB RAM, 128GB Storage): Amazon.in: Electronics
Trying to find Element By : By.xpath: //input[@id='buy-now-button']
Found Element By : By.xpath: //input[@id='buy-now-button']
Trying to click on: [[ChromeDriver: chrome on WINDOWS (671016eca2469d5a72737ef9bdc40e9d)] -> xpath: //input[@id='buy-now-button']]
Clicked on: [[ChromeDriver: chrome on WINDOWS (671016eca2469d5a72737ef9bdc40e9d)] -> xpath: //input[@id='buy-now-button']]
*** Running test method CheckAddressPageTitle...
Actual Address Page Title: Select a delivery address
]]></system-out>
    <system-err><![CDATA[Starting ChromeDriver 88.0.4324.96 (68dba2d8a0b149a1d3afac56fa74648032bcf46b-refs/branch-heads/4324@{#1784}) on port 19354
Only local connections are allowed.
Please see https://chromedriver.chromium.org/security-considerations for suggestions on keeping ChromeDriver safe.
ChromeDriver was started successfully.
[1615877845.954][WARNING]: This version of ChromeDriver has not been tested with Chrome version 89.
Mar 16, 2021 12:27:25 PM org.openqa.selenium.remote.ProtocolHandshake createSession
INFO: Detected dialect: W3C
]]></system-err>
  </testcase>
  <testcase name="ChooseDeliveryAddress" classname="com.amazontest.AddressPageTest" time="7.425">
    <system-out><![CDATA[*** Executed CheckAddressPageTitle test successfully...
Before navigating to: 'https://www.amazon.in/'
Navigated to:'https://www.amazon.in/'
Trying to find Element By : By.xpath: //span[@id='nav-link-accountList-nav-line-1']
Found Element By : By.xpath: //span[@id='nav-link-accountList-nav-line-1']
Trying to click on: [[ChromeDriver: chrome on WINDOWS (951b46013e1f19cd021c0fcf73b22b14)] -> xpath: //span[@id='nav-link-accountList-nav-line-1']]
Clicked on: [[ChromeDriver: chrome on WINDOWS (951b46013e1f19cd021c0fcf73b22b14)] -> xpath: //span[@id='nav-link-accountList-nav-line-1']]
Trying to find Element By : By.id: ap_email
Found Element By : By.id: ap_email
Trying to find Element By : By.id: continue
Found Element By : By.id: continue
Trying to click on: [[ChromeDriver: chrome on WINDOWS (951b46013e1f19cd021c0fcf73b22b14)] -> id: continue]
Clicked on: [[ChromeDriver: chrome on WINDOWS (951b46013e1f19cd021c0fcf73b22b14)] -> id: continue]
Trying to find Element By : By.id: ap_password
Found Element By : By.id: ap_password
Trying to find Element By : By.id: signInSubmit
Found Element By : By.id: signInSubmit
Trying to click on: [[ChromeDriver: chrome on WINDOWS (951b46013e1f19cd021c0fcf73b22b14)] -> id: signInSubmit]
Clicked on: [[ChromeDriver: chrome on WINDOWS (951b46013e1f19cd021c0fcf73b22b14)] -> id: signInSubmit]
Trying to find Element By : By.id: twotabsearchtextbox
Found Element By : By.id: twotabsearchtextbox
Trying to find Element By : By.id: nav-search-submit-button
Found Element By : By.id: nav-search-submit-button
Trying to click on: [[ChromeDriver: chrome on WINDOWS (951b46013e1f19cd021c0fcf73b22b14)] -> id: nav-search-submit-button]
Clicked on: [[ChromeDriver: chrome on WINDOWS (951b46013e1f19cd021c0fcf73b22b14)] -> id: nav-search-submit-button]
Trying to find Element By : By.xpath: //span[@class='a-size-medium a-color-base a-text-normal' and contains(text(),'Samsung Galaxy M31 (Ocean Blue, 6GB RAM, 128GB Storage)')]
Found Element By : By.xpath: //span[@class='a-size-medium a-color-base a-text-normal' and contains(text(),'Samsung Galaxy M31 (Ocean Blue, 6GB RAM, 128GB Storage)')]
Trying to click on: [[ChromeDriver: chrome on WINDOWS (951b46013e1f19cd021c0fcf73b22b14)] -> xpath: //span[@class='a-size-medium a-color-base a-text-normal' and contains(text(),'Samsung Galaxy M31 (Ocean Blue, 6GB RAM, 128GB Storage)')]]
Clicked on: [[ChromeDriver: chrome on WINDOWS (951b46013e1f19cd021c0fcf73b22b14)] -> xpath: //span[@class='a-size-medium a-color-base a-text-normal' and contains(text(),'Samsung Galaxy M31 (Ocean Blue, 6GB RAM, 128GB Storage)')]]
parent window name: CDwindow-16299B84EF4BB95D22D141B3DC811EA1
Searched Product is sucessfully launched in new tab
Samsung Galaxy M31 (Ocean Blue, 6GB RAM, 128GB Storage): Amazon.in: Electronics
Trying to find Element By : By.xpath: //input[@id='buy-now-button']
Found Element By : By.xpath: //input[@id='buy-now-button']
Trying to click on: [[ChromeDriver: chrome on WINDOWS (951b46013e1f19cd021c0fcf73b22b14)] -> xpath: //input[@id='buy-now-button']]
Clicked on: [[ChromeDriver: chrome on WINDOWS (951b46013e1f19cd021c0fcf73b22b14)] -> xpath: //input[@id='buy-now-button']]
*** Running test method ChooseDeliveryAddress...
Trying to find Element By : By.xpath: (//a[@class='a-declarative a-button-text '])[1]
Found Element By : By.xpath: (//a[@class='a-declarative a-button-text '])[1]
Trying to click on: [[ChromeDriver: chrome on WINDOWS (951b46013e1f19cd021c0fcf73b22b14)] -> xpath: (//a[@class='a-declarative a-button-text '])[1]]
Clicked on: [[ChromeDriver: chrome on WINDOWS (951b46013e1f19cd021c0fcf73b22b14)] -> xpath: (//a[@class='a-declarative a-button-text '])[1]]
]]></system-out>
    <system-err><![CDATA[Starting ChromeDriver 88.0.4324.96 (68dba2d8a0b149a1d3afac56fa74648032bcf46b-refs/branch-heads/4324@{#1784}) on port 47888
Only local connections are allowed.
Please see https://chromedriver.chromium.org/security-considerations for suggestions on keeping ChromeDriver safe.
ChromeDriver was started successfully.
[1615878032.415][WARNING]: This version of ChromeDriver has not been tested with Chrome version 89.
Mar 16, 2021 12:30:32 PM org.openqa.selenium.remote.ProtocolHandshake createSession
INFO: Detected dialect: W3C
]]></system-err>
  </testcase>
  <testcase name="CheckPaymentPageTitle" classname="com.amazontest.PaymentPageTest" time="0.005">
    <system-out><![CDATA[*** Executed ChooseDeliveryAddress test successfully...
Before navigating to: 'https://www.amazon.in/'
Navigated to:'https://www.amazon.in/'
Trying to find Element By : By.xpath: //span[@id='nav-link-accountList-nav-line-1']
Found Element By : By.xpath: //span[@id='nav-link-accountList-nav-line-1']
Trying to click on: [[ChromeDriver: chrome on WINDOWS (ee1722f09f9610b3ccfa692c0449ef2a)] -> xpath: //span[@id='nav-link-accountList-nav-line-1']]
Clicked on: [[ChromeDriver: chrome on WINDOWS (ee1722f09f9610b3ccfa692c0449ef2a)] -> xpath: //span[@id='nav-link-accountList-nav-line-1']]
Trying to find Element By : By.id: ap_email
Found Element By : By.id: ap_email
Trying to find Element By : By.id: continue
Found Element By : By.id: continue
Trying to click on: [[ChromeDriver: chrome on WINDOWS (ee1722f09f9610b3ccfa692c0449ef2a)] -> id: continue]
Clicked on: [[ChromeDriver: chrome on WINDOWS (ee1722f09f9610b3ccfa692c0449ef2a)] -> id: continue]
Trying to find Element By : By.id: ap_password
Found Element By : By.id: ap_password
Trying to find Element By : By.id: signInSubmit
Found Element By : By.id: signInSubmit
Trying to click on: [[ChromeDriver: chrome on WINDOWS (ee1722f09f9610b3ccfa692c0449ef2a)] -> id: signInSubmit]
Clicked on: [[ChromeDriver: chrome on WINDOWS (ee1722f09f9610b3ccfa692c0449ef2a)] -> id: signInSubmit]
Trying to find Element By : By.id: twotabsearchtextbox
Found Element By : By.id: twotabsearchtextbox
Trying to find Element By : By.id: nav-search-submit-button
Found Element By : By.id: nav-search-submit-button
Trying to click on: [[ChromeDriver: chrome on WINDOWS (ee1722f09f9610b3ccfa692c0449ef2a)] -> id: nav-search-submit-button]
Clicked on: [[ChromeDriver: chrome on WINDOWS (ee1722f09f9610b3ccfa692c0449ef2a)] -> id: nav-search-submit-button]
Trying to find Element By : By.xpath: //span[@class='a-size-medium a-color-base a-text-normal' and contains(text(),'Samsung Galaxy M31 (Ocean Blue, 6GB RAM, 128GB Storage)')]
Found Element By : By.xpath: //span[@class='a-size-medium a-color-base a-text-normal' and contains(text(),'Samsung Galaxy M31 (Ocean Blue, 6GB RAM, 128GB Storage)')]
Trying to click on: [[ChromeDriver: chrome on WINDOWS (ee1722f09f9610b3ccfa692c0449ef2a)] -> xpath: //span[@class='a-size-medium a-color-base a-text-normal' and contains(text(),'Samsung Galaxy M31 (Ocean Blue, 6GB RAM, 128GB Storage)')]]
Clicked on: [[ChromeDriver: chrome on WINDOWS (ee1722f09f9610b3ccfa692c0449ef2a)] -> xpath: //span[@class='a-size-medium a-color-base a-text-normal' and contains(text(),'Samsung Galaxy M31 (Ocean Blue, 6GB RAM, 128GB Storage)')]]
parent window name: CDwindow-C40272FF9FC4281CC9CCA26574266A43
Searched Product is sucessfully launched in new tab
Samsung Galaxy M31 (Ocean Blue, 6GB RAM, 128GB Storage): Amazon.in: Electronics
Trying to find Element By : By.xpath: //input[@id='buy-now-button']
Found Element By : By.xpath: //input[@id='buy-now-button']
Trying to click on: [[ChromeDriver: chrome on WINDOWS (ee1722f09f9610b3ccfa692c0449ef2a)] -> xpath: //input[@id='buy-now-button']]
Clicked on: [[ChromeDriver: chrome on WINDOWS (ee1722f09f9610b3ccfa692c0449ef2a)] -> xpath: //input[@id='buy-now-button']]
Trying to find Element By : By.xpath: (//a[@class='a-declarative a-button-text '])[1]
Found Element By : By.xpath: (//a[@class='a-declarative a-button-text '])[1]
Trying to click on: [[ChromeDriver: chrome on WINDOWS (ee1722f09f9610b3ccfa692c0449ef2a)] -> xpath: (//a[@class='a-declarative a-button-text '])[1]]
Clicked on: [[ChromeDriver: chrome on WINDOWS (ee1722f09f9610b3ccfa692c0449ef2a)] -> xpath: (//a[@class='a-declarative a-button-text '])[1]]
*** Running test method CheckPaymentPageTitle...
Actual Address Page Title: Select a Payment Method - Amazon.in Checkout
]]></system-out>
    <system-err><![CDATA[Starting ChromeDriver 88.0.4324.96 (68dba2d8a0b149a1d3afac56fa74648032bcf46b-refs/branch-heads/4324@{#1784}) on port 26254
Only local connections are allowed.
Please see https://chromedriver.chromium.org/security-considerations for suggestions on keeping ChromeDriver safe.
ChromeDriver was started successfully.
[1615878161.016][WARNING]: This version of ChromeDriver has not been tested with Chrome version 89.
Mar 16, 2021 12:32:41 PM org.openqa.selenium.remote.ProtocolHandshake createSession
INFO: Detected dialect: W3C
]]></system-err>
  </testcase>
  <testcase name="EnterPaymentDetails" classname="com.amazontest.PaymentPageTest" time="0.466">
    <system-out><![CDATA[*** Executed CheckPaymentPageTitle test successfully...
Before navigating to: 'https://www.amazon.in/'
Navigated to:'https://www.amazon.in/'
Trying to find Element By : By.xpath: //span[@id='nav-link-accountList-nav-line-1']
Found Element By : By.xpath: //span[@id='nav-link-accountList-nav-line-1']
Trying to click on: [[ChromeDriver: chrome on WINDOWS (c0902d2de6037bf27b57f17486ff04ec)] -> xpath: //span[@id='nav-link-accountList-nav-line-1']]
Clicked on: [[ChromeDriver: chrome on WINDOWS (c0902d2de6037bf27b57f17486ff04ec)] -> xpath: //span[@id='nav-link-accountList-nav-line-1']]
Trying to find Element By : By.id: ap_email
Found Element By : By.id: ap_email
Trying to find Element By : By.id: continue
Found Element By : By.id: continue
Trying to click on: [[ChromeDriver: chrome on WINDOWS (c0902d2de6037bf27b57f17486ff04ec)] -> id: continue]
Clicked on: [[ChromeDriver: chrome on WINDOWS (c0902d2de6037bf27b57f17486ff04ec)] -> id: continue]
Trying to find Element By : By.id: ap_password
Found Element By : By.id: ap_password
Trying to find Element By : By.id: signInSubmit
Found Element By : By.id: signInSubmit
Trying to click on: [[ChromeDriver: chrome on WINDOWS (c0902d2de6037bf27b57f17486ff04ec)] -> id: signInSubmit]
Clicked on: [[ChromeDriver: chrome on WINDOWS (c0902d2de6037bf27b57f17486ff04ec)] -> id: signInSubmit]
Trying to find Element By : By.id: twotabsearchtextbox
Found Element By : By.id: twotabsearchtextbox
Trying to find Element By : By.id: nav-search-submit-button
Found Element By : By.id: nav-search-submit-button
Trying to click on: [[ChromeDriver: chrome on WINDOWS (c0902d2de6037bf27b57f17486ff04ec)] -> id: nav-search-submit-button]
Clicked on: [[ChromeDriver: chrome on WINDOWS (c0902d2de6037bf27b57f17486ff04ec)] -> id: nav-search-submit-button]
Trying to find Element By : By.xpath: //span[@class='a-size-medium a-color-base a-text-normal' and contains(text(),'Samsung Galaxy M31 (Ocean Blue, 6GB RAM, 128GB Storage)')]
Found Element By : By.xpath: //span[@class='a-size-medium a-color-base a-text-normal' and contains(text(),'Samsung Galaxy M31 (Ocean Blue, 6GB RAM, 128GB Storage)')]
Trying to click on: [[ChromeDriver: chrome on WINDOWS (c0902d2de6037bf27b57f17486ff04ec)] -> xpath: //span[@class='a-size-medium a-color-base a-text-normal' and contains(text(),'Samsung Galaxy M31 (Ocean Blue, 6GB RAM, 128GB Storage)')]]
Clicked on: [[ChromeDriver: chrome on WINDOWS (c0902d2de6037bf27b57f17486ff04ec)] -> xpath: //span[@class='a-size-medium a-color-base a-text-normal' and contains(text(),'Samsung Galaxy M31 (Ocean Blue, 6GB RAM, 128GB Storage)')]]
parent window name: CDwindow-F0F9B516348A77653448B67464481455
Searched Product is sucessfully launched in new tab
Samsung Galaxy M31 (Ocean Blue, 6GB RAM, 128GB Storage): Amazon.in: Electronics
Trying to find Element By : By.xpath: //input[@id='buy-now-button']
Found Element By : By.xpath: //input[@id='buy-now-button']
Trying to click on: [[ChromeDriver: chrome on WINDOWS (c0902d2de6037bf27b57f17486ff04ec)] -> xpath: //input[@id='buy-now-button']]
Clicked on: [[ChromeDriver: chrome on WINDOWS (c0902d2de6037bf27b57f17486ff04ec)] -> xpath: //input[@id='buy-now-button']]
Trying to find Element By : By.xpath: (//a[@class='a-declarative a-button-text '])[1]
Found Element By : By.xpath: (//a[@class='a-declarative a-button-text '])[1]
Trying to click on: [[ChromeDriver: chrome on WINDOWS (c0902d2de6037bf27b57f17486ff04ec)] -> xpath: (//a[@class='a-declarative a-button-text '])[1]]
Clicked on: [[ChromeDriver: chrome on WINDOWS (c0902d2de6037bf27b57f17486ff04ec)] -> xpath: (//a[@class='a-declarative a-button-text '])[1]]
*** Running test method EnterPaymentDetails...
Account Holder Name: Sindhu Kashyap
Account Number: 9876432728761250
Trying to find Element By : By.xpath: //input[@value='SelectableAddCreditCard']
Found Element By : By.xpath: //input[@value='SelectableAddCreditCard']
Trying to click on: [[ChromeDriver: chrome on WINDOWS (c0902d2de6037bf27b57f17486ff04ec)] -> xpath: //input[@value='SelectableAddCreditCard']]
Clicked on: [[ChromeDriver: chrome on WINDOWS (c0902d2de6037bf27b57f17486ff04ec)] -> xpath: //input[@value='SelectableAddCreditCard']]
Trying to find Element By : By.xpath: //input[@name='ppw-accountHolderName']
Found Element By : By.xpath: //input[@name='ppw-accountHolderName']
Trying to find Element By : By.xpath: //input[@name='ppw-accountHolderName']
Found Element By : By.xpath: //input[@name='ppw-accountHolderName']
Trying to find Element By : By.xpath: //input[@name='addCreditCardNumber']
Found Element By : By.xpath: //input[@name='addCreditCardNumber']
Trying to find Element By : By.name: ppw-widgetEvent:AddCreditCardEvent
Found Element By : By.name: ppw-widgetEvent:AddCreditCardEvent
Trying to click on: [[ChromeDriver: chrome on WINDOWS (c0902d2de6037bf27b57f17486ff04ec)] -> name: ppw-widgetEvent:AddCreditCardEvent]
Clicked on: [[ChromeDriver: chrome on WINDOWS (c0902d2de6037bf27b57f17486ff04ec)] -> name: ppw-widgetEvent:AddCreditCardEvent]
Trying to find Element By : By.xpath: //span[text()='Card number is not correct.']
Found Element By : By.xpath: //span[text()='Card number is not correct.']
Message displayed when incorrect card details are provided: Card number is not correct.
]]></system-out>
    <system-err><![CDATA[Starting ChromeDriver 88.0.4324.96 (68dba2d8a0b149a1d3afac56fa74648032bcf46b-refs/branch-heads/4324@{#1784}) on port 46911
Only local connections are allowed.
Please see https://chromedriver.chromium.org/security-considerations for suggestions on keeping ChromeDriver safe.
ChromeDriver was started successfully.
[1615878309.830][WARNING]: This version of ChromeDriver has not been tested with Chrome version 89.
Mar 16, 2021 12:35:09 PM org.openqa.selenium.remote.ProtocolHandshake createSession
INFO: Detected dialect: W3C
]]></system-err>
  </testcase>
</testsuite>