<?xml version="1.0" encoding="UTF-8"?>
<testng-results total="14" passed="14" failed="0" skipped="0">
  <reporter-output>
  </reporter-output>
  <suite started-at="2021-03-16T06:48:48Z" name="Amazon Application Test Suite" finished-at="2021-03-16T07:08:07Z" duration-ms="1158842">
    <groups>
    </groups>
    <test started-at="2021-03-16T06:48:48Z" name="Amazon Test" finished-at="2021-03-16T07:08:07Z" duration-ms="1158842">
      <class name="com.amazontest.ProductPageTest">
        <test-method is-config="true" signature="SetUp()[pri:0, instance:com.amazontest.ProductPageTest@38e79ae3]" started-at="2021-03-16T12:24:17Z" name="SetUp" finished-at="2021-03-16T12:25:04Z" duration-ms="47331" status="PASS">
          <reporter-output>
          </reporter-output>
        </test-method> <!-- SetUp -->
        <test-method signature="CheckProductPageTitle()[pri:0, instance:com.amazontest.ProductPageTest@38e79ae3]" started-at="2021-03-16T12:25:04Z" name="CheckProductPageTitle" finished-at="2021-03-16T12:25:04Z" duration-ms="9" status="PASS">
          <reporter-output>
          </reporter-output>
        </test-method> <!-- CheckProductPageTitle -->
        <test-method is-config="true" signature="TearDown()[pri:0, instance:com.amazontest.ProductPageTest@38e79ae3]" started-at="2021-03-16T12:25:05Z" name="TearDown" finished-at="2021-03-16T12:25:05Z" duration-ms="703" status="PASS">
          <reporter-output>
          </reporter-output>
        </test-method> <!-- TearDown -->
        <test-method is-config="true" signature="SetUp()[pri:0, instance:com.amazontest.ProductPageTest@38e79ae3]" started-at="2021-03-16T12:25:05Z" name="SetUp" finished-at="2021-03-16T12:25:51Z" duration-ms="45724" status="PASS">
          <reporter-output>
          </reporter-output>
        </test-method> <!-- SetUp -->
        <test-method signature="PurchaseRequiredProduct()[pri:0, instance:com.amazontest.ProductPageTest@38e79ae3]" started-at="2021-03-16T12:25:51Z" name="PurchaseRequiredProduct" finished-at="2021-03-16T12:27:23Z" duration-ms="92193" status="PASS">
          <reporter-output>
          </reporter-output>
        </test-method> <!-- PurchaseRequiredProduct -->
        <test-method is-config="true" signature="TearDown()[pri:0, instance:com.amazontest.ProductPageTest@38e79ae3]" started-at="2021-03-16T12:27:24Z" name="TearDown" finished-at="2021-03-16T12:27:24Z" duration-ms="708" status="PASS">
          <reporter-output>
          </reporter-output>
        </test-method> <!-- TearDown -->
      </class> <!-- com.amazontest.ProductPageTest -->
      <class name="com.amazontest.SearchResultsPageTest">
        <test-method is-config="true" signature="SetUp()[pri:0, instance:com.amazontest.SearchResultsPageTest@1dac5ef]" started-at="2021-03-16T12:22:32Z" name="SetUp" finished-at="2021-03-16T12:23:19Z" duration-ms="46715" status="PASS">
          <reporter-output>
          </reporter-output>
        </test-method> <!-- SetUp -->
        <test-method signature="CheckSearchResultsPageTitle()[pri:0, instance:com.amazontest.SearchResultsPageTest@1dac5ef]" started-at="2021-03-16T12:23:19Z" name="CheckSearchResultsPageTitle" finished-at="2021-03-16T12:23:19Z" duration-ms="51" status="PASS">
          <reporter-output>
          </reporter-output>
        </test-method> <!-- CheckSearchResultsPageTitle -->
        <test-method is-config="true" signature="TearDown()[pri:0, instance:com.amazontest.SearchResultsPageTest@1dac5ef]" started-at="2021-03-16T12:23:19Z" name="TearDown" finished-at="2021-03-16T12:23:20Z" duration-ms="677" status="PASS">
          <reporter-output>
          </reporter-output>
        </test-method> <!-- TearDown -->
        <test-method is-config="true" signature="SetUp()[pri:0, instance:com.amazontest.SearchResultsPageTest@1dac5ef]" started-at="2021-03-16T12:23:20Z" name="SetUp" finished-at="2021-03-16T12:24:16Z" duration-ms="55893" status="PASS">
          <reporter-output>
          </reporter-output>
        </test-method> <!-- SetUp -->
        <test-method signature="LaunchProduct()[pri:0, instance:com.amazontest.SearchResultsPageTest@1dac5ef]" started-at="2021-03-16T12:24:16Z" name="LaunchProduct" finished-at="2021-03-16T12:24:16Z" duration-ms="188" status="PASS">
          <reporter-output>
          </reporter-output>
        </test-method> <!-- LaunchProduct -->
        <test-method is-config="true" signature="TearDown()[pri:0, instance:com.amazontest.SearchResultsPageTest@1dac5ef]" started-at="2021-03-16T12:24:16Z" name="TearDown" finished-at="2021-03-16T12:24:17Z" duration-ms="684" status="PASS">
          <reporter-output>
          </reporter-output>
        </test-method> <!-- TearDown -->
      </class> <!-- com.amazontest.SearchResultsPageTest -->
      <class name="com.amazontest.SignInPageTest">
        <test-method is-config="true" signature="SetUp()[pri:0, instance:com.amazontest.SignInPageTest@77f80c04]" started-at="2021-03-16T12:19:34Z" name="SetUp" finished-at="2021-03-16T12:20:01Z" duration-ms="26984" status="PASS">
          <reporter-output>
          </reporter-output>
        </test-method> <!-- SetUp -->
        <test-method signature="CheckSignInPageTitle()[pri:0, instance:com.amazontest.SignInPageTest@77f80c04]" started-at="2021-03-16T12:20:01Z" name="CheckSignInPageTitle" finished-at="2021-03-16T12:20:01Z" duration-ms="14" status="PASS">
          <reporter-output>
          </reporter-output>
        </test-method> <!-- CheckSignInPageTitle -->
        <test-method is-config="true" signature="TearDown()[pri:0, instance:com.amazontest.SignInPageTest@77f80c04]" started-at="2021-03-16T12:20:02Z" name="TearDown" finished-at="2021-03-16T12:20:02Z" duration-ms="649" status="PASS">
          <reporter-output>
          </reporter-output>
        </test-method> <!-- TearDown -->
        <test-method is-config="true" signature="SetUp()[pri:0, instance:com.amazontest.SignInPageTest@77f80c04]" started-at="2021-03-16T12:20:02Z" name="SetUp" finished-at="2021-03-16T12:20:18Z" duration-ms="15892" status="PASS">
          <reporter-output>
          </reporter-output>
        </test-method> <!-- SetUp -->
        <test-method signature="Login()[pri:0, instance:com.amazontest.SignInPageTest@77f80c04]" started-at="2021-03-16T12:20:18Z" name="Login" finished-at="2021-03-16T12:20:21Z" duration-ms="3058" status="PASS">
          <reporter-output>
          </reporter-output>
        </test-method> <!-- Login -->
        <test-method is-config="true" signature="TearDown()[pri:0, instance:com.amazontest.SignInPageTest@77f80c04]" started-at="2021-03-16T12:20:33Z" name="TearDown" finished-at="2021-03-16T12:20:34Z" duration-ms="679" status="PASS">
          <reporter-output>
          </reporter-output>
        </test-method> <!-- TearDown -->
      </class> <!-- com.amazontest.SignInPageTest -->
      <class name="com.amazontest.SearchPageTest">
        <test-method is-config="true" signature="SetUp()[pri:0, instance:com.amazontest.SearchPageTest@58ea606c]" started-at="2021-03-16T12:20:34Z" name="SetUp" finished-at="2021-03-16T12:21:08Z" duration-ms="33964" status="PASS">
          <reporter-output>
          </reporter-output>
        </test-method> <!-- SetUp -->
        <test-method signature="CheckSearchPageTitle()[pri:0, instance:com.amazontest.SearchPageTest@58ea606c]" started-at="2021-03-16T12:21:08Z" name="CheckSearchPageTitle" finished-at="2021-03-16T12:21:29Z" duration-ms="20550" status="PASS">
          <reporter-output>
          </reporter-output>
        </test-method> <!-- CheckSearchPageTitle -->
        <test-method is-config="true" signature="TearDown()[pri:0, instance:com.amazontest.SearchPageTest@58ea606c]" started-at="2021-03-16T12:21:29Z" name="TearDown" finished-at="2021-03-16T12:21:30Z" duration-ms="654" status="PASS">
          <reporter-output>
          </reporter-output>
        </test-method> <!-- TearDown -->
        <test-method is-config="true" signature="SetUp()[pri:0, instance:com.amazontest.SearchPageTest@58ea606c]" started-at="2021-03-16T12:21:30Z" name="SetUp" finished-at="2021-03-16T12:21:59Z" duration-ms="29251" status="PASS">
          <reporter-output>
          </reporter-output>
        </test-method> <!-- SetUp -->
        <test-method signature="SearchRequiredProduct()[pri:0, instance:com.amazontest.SearchPageTest@58ea606c]" started-at="2021-03-16T12:21:59Z" name="SearchRequiredProduct" finished-at="2021-03-16T12:22:31Z" duration-ms="31762" status="PASS">
          <reporter-output>
          </reporter-output>
        </test-method> <!-- SearchRequiredProduct -->
        <test-method is-config="true" signature="TearDown()[pri:0, instance:com.amazontest.SearchPageTest@58ea606c]" started-at="2021-03-16T12:22:31Z" name="TearDown" finished-at="2021-03-16T12:22:32Z" duration-ms="676" status="PASS">
          <reporter-output>
          </reporter-output>
        </test-method> <!-- TearDown -->
      </class> <!-- com.amazontest.SearchPageTest -->
      <class name="com.amazontest.PaymentPageTest">
        <test-method is-config="true" signature="SetUp()[pri:0, instance:com.amazontest.PaymentPageTest@1e178745]" started-at="2021-03-16T12:32:39Z" name="SetUp" finished-at="2021-03-16T12:35:07Z" duration-ms="147774" status="PASS">
          <reporter-output>
          </reporter-output>
        </test-method> <!-- SetUp -->
        <test-method signature="CheckPaymentPageTitle()[pri:0, instance:com.amazontest.PaymentPageTest@1e178745]" started-at="2021-03-16T12:35:07Z" name="CheckPaymentPageTitle" finished-at="2021-03-16T12:35:07Z" duration-ms="7" status="PASS">
          <reporter-output>
          </reporter-output>
        </test-method> <!-- CheckPaymentPageTitle -->
        <test-method is-config="true" signature="TearDown()[pri:0, instance:com.amazontest.PaymentPageTest@1e178745]" started-at="2021-03-16T12:35:08Z" name="TearDown" finished-at="2021-03-16T12:35:08Z" duration-ms="689" status="PASS">
          <reporter-output>
          </reporter-output>
        </test-method> <!-- TearDown -->
        <test-method is-config="true" signature="SetUp()[pri:0, instance:com.amazontest.PaymentPageTest@1e178745]" started-at="2021-03-16T12:35:08Z" name="SetUp" finished-at="2021-03-16T12:38:05Z" duration-ms="176908" status="PASS">
          <reporter-output>
          </reporter-output>
        </test-method> <!-- SetUp -->
        <test-method signature="EnterPaymentDetails()[pri:0, instance:com.amazontest.PaymentPageTest@1e178745]" started-at="2021-03-16T12:38:05Z" name="EnterPaymentDetails" finished-at="2021-03-16T12:38:06Z" duration-ms="470" status="PASS">
          <reporter-output>
          </reporter-output>
        </test-method> <!-- EnterPaymentDetails -->
        <test-method is-config="true" signature="TearDown()[pri:0, instance:com.amazontest.PaymentPageTest@1e178745]" started-at="2021-03-16T12:38:06Z" name="TearDown" finished-at="2021-03-16T12:38:07Z" duration-ms="699" status="PASS">
          <reporter-output>
          </reporter-output>
        </test-method> <!-- TearDown -->
      </class> <!-- com.amazontest.PaymentPageTest -->
      <class name="com.amazontest.HomePageTest">
        <test-method is-config="true" signature="SetUp()[pri:0, instance:com.amazontest.HomePageTest@6f45df59]" started-at="2021-03-16T12:18:48Z" name="SetUp" finished-at="2021-03-16T12:19:06Z" duration-ms="17836" status="PASS">
          <reporter-output>
          </reporter-output>
        </test-method> <!-- SetUp -->
        <test-method signature="CheckHomePageTitleTest()[pri:0, instance:com.amazontest.HomePageTest@6f45df59]" started-at="2021-03-16T12:19:06Z" name="CheckHomePageTitleTest" finished-at="2021-03-16T12:19:06Z" duration-ms="30" status="PASS">
          <reporter-output>
          </reporter-output>
        </test-method> <!-- CheckHomePageTitleTest -->
        <test-method is-config="true" signature="TearDown()[pri:0, instance:com.amazontest.HomePageTest@6f45df59]" started-at="2021-03-16T12:19:06Z" name="TearDown" finished-at="2021-03-16T12:19:07Z" duration-ms="637" status="PASS">
          <reporter-output>
          </reporter-output>
        </test-method> <!-- TearDown -->
        <test-method is-config="true" signature="SetUp()[pri:0, instance:com.amazontest.HomePageTest@6f45df59]" started-at="2021-03-16T12:19:07Z" name="SetUp" finished-at="2021-03-16T12:19:27Z" duration-ms="19525" status="PASS">
          <reporter-output>
          </reporter-output>
        </test-method> <!-- SetUp -->
        <test-method signature="ClicktoSignIn()[pri:0, instance:com.amazontest.HomePageTest@6f45df59]" started-at="2021-03-16T12:19:27Z" name="ClicktoSignIn" finished-at="2021-03-16T12:19:33Z" duration-ms="6796" status="PASS">
          <reporter-output>
          </reporter-output>
        </test-method> <!-- ClicktoSignIn -->
        <test-method is-config="true" signature="TearDown()[pri:0, instance:com.amazontest.HomePageTest@6f45df59]" started-at="2021-03-16T12:19:34Z" name="TearDown" finished-at="2021-03-16T12:19:34Z" duration-ms="634" status="PASS">
          <reporter-output>
          </reporter-output>
        </test-method> <!-- TearDown -->
      </class> <!-- com.amazontest.HomePageTest -->
      <class name="com.amazontest.AddressPageTest">
        <test-method is-config="true" signature="SetUp()[pri:0, instance:com.amazontest.AddressPageTest@5c90e579]" started-at="2021-03-16T12:27:24Z" name="SetUp" finished-at="2021-03-16T12:30:30Z" duration-ms="185363" status="PASS">
          <reporter-output>
          </reporter-output>
        </test-method> <!-- SetUp -->
        <test-method signature="CheckAddressPageTitle()[pri:0, instance:com.amazontest.AddressPageTest@5c90e579]" started-at="2021-03-16T12:30:30Z" name="CheckAddressPageTitle" finished-at="2021-03-16T12:30:30Z" duration-ms="9" status="PASS">
          <reporter-output>
          </reporter-output>
        </test-method> <!-- CheckAddressPageTitle -->
        <test-method is-config="true" signature="TearDown()[pri:0, instance:com.amazontest.AddressPageTest@5c90e579]" started-at="2021-03-16T12:30:30Z" name="TearDown" finished-at="2021-03-16T12:30:31Z" duration-ms="710" status="PASS">
          <reporter-output>
          </reporter-output>
        </test-method> <!-- TearDown -->
        <test-method is-config="true" signature="SetUp()[pri:0, instance:com.amazontest.AddressPageTest@5c90e579]" started-at="2021-03-16T12:30:31Z" name="SetUp" finished-at="2021-03-16T12:32:31Z" duration-ms="120150" status="PASS">
          <reporter-output>
          </reporter-output>
        </test-method> <!-- SetUp -->
        <test-method signature="ChooseDeliveryAddress()[pri:0, instance:com.amazontest.AddressPageTest@5c90e579]" started-at="2021-03-16T12:32:31Z" name="ChooseDeliveryAddress" finished-at="2021-03-16T12:32:38Z" duration-ms="7428" status="PASS">
          <reporter-output>
          </reporter-output>
        </test-method> <!-- ChooseDeliveryAddress -->
        <test-method is-config="true" signature="TearDown()[pri:0, instance:com.amazontest.AddressPageTest@5c90e579]" started-at="2021-03-16T12:32:39Z" name="TearDown" finished-at="2021-03-16T12:32:39Z" duration-ms="685" status="PASS">
          <reporter-output>
          </reporter-output>
        </test-method> <!-- TearDown -->
      </class> <!-- com.amazontest.AddressPageTest -->
    </test> <!-- Amazon Test -->
  </suite> <!-- Amazon Application Test Suite -->
</testng-results>
